<?xml version="1.0" encoding="UTF-8"?>
<testsuite xmlns:xsi="http://www.w3.org/2001/XMLSchema-instance" xsi:noNamespaceSchemaLocation="https://maven.apache.org/surefire/maven-surefire-plugin/xsd/surefire-test-report-3.0.xsd" version="3.0" name="com.itas.ItasApplicationTests" time="23.74" tests="1" errors="0" skipped="0" failures="0">
  <properties>
[...]
</properties>
  <testcase name="contextLoads" classname="com.itas.ItasApplicationTests" time="0.047">
    <system-out><![CDATA[13:57:36.929 [main] INFO org.springframework.test.context.support.AnnotationConfigContextLoaderUtils -- Could not detect default configuration classes for test class [com.itas.ItasApplicationTests]: ItasApplicationTests does not declare any static, non-private, non-final, nested classes annotated with @Configuration.
13:57:37.457 [main] INFO org.springframework.boot.test.context.SpringBootTestContextBootstrapper -- Found @SpringBootConfiguration com.itas.ItasApplication for test class com.itas.ItasApplicationTests

  .   ____          _            __ _ _
 /\\ / ___'_ __ _ _(_)_ __  __ _ \ \ \ \
( ( )\___ | '_ | '_| | '_ \/ _` | \ \ \ \
 \\/  ___)| |_)| | | | | || (_| |  ) ) ) )
  '  |____| .__|_| |_|_| |_\__, | / / / /
 =========|_|==============|___/=/_/_/_/
 :: Spring Boot ::                (v3.1.5)

2026-03-06T13:57:39.769+03:00  INFO 18812 --- [           main] com.itas.ItasApplicationTests            : Starting ItasApplicationTests using Java 17.0.17 with PID 18812 (started by Wellcome in C:\Users\Wellcome\Videos\iot\New folder\ITAS-system-v2\backend)
2026-03-06T13:57:39.772+03:00 DEBUG 18812 --- [           main] com.itas.ItasApplicationTests            : Running with Spring Boot v3.1.5, Spring v6.0.13
2026-03-06T13:57:39.773+03:00  INFO 18812 --- [           main] com.itas.ItasApplicationTests            : The following 1 profile is active: "test"
2026-03-06T13:57:42.148+03:00  INFO 18812 --- [           main] .s.d.r.c.RepositoryConfigurationDelegate : Bootstrapping Spring Data JPA repositories in DEFAULT mode.
2026-03-06T13:57:42.530+03:00  INFO 18812 --- [           main] .s.d.r.c.RepositoryConfigurationDelegate : Finished Spring Data repository scanning in 352 ms. Found 19 JPA repository interfaces.
2026-03-06T13:57:44.342+03:00  INFO 18812 --- [           main] o.hibernate.jpa.internal.util.LogHelper  : HHH000204: Processing PersistenceUnitInfo [name: default]
2026-03-06T13:57:44.623+03:00  INFO 18812 --- [           main] org.hibernate.Version                    : HHH000412: Hibernate ORM core version 6.2.13.Final
2026-03-06T13:57:44.632+03:00  INFO 18812 --- [           main] org.hibernate.cfg.Environment            : HHH000406: Using bytecode reflection optimizer
2026-03-06T13:57:45.387+03:00  INFO 18812 --- [           main] o.s.o.j.p.SpringPersistenceUnitInfo      : No LoadTimeWeaver setup: ignoring JPA class transformer
2026-03-06T13:57:45.538+03:00  INFO 18812 --- [           main] com.zaxxer.hikari.HikariDataSource       : HikariPool-1 - Starting...
2026-03-06T13:57:46.460+03:00  INFO 18812 --- [           main] com.zaxxer.hikari.pool.HikariPool        : HikariPool-1 - Added connection conn0: url=jdbc:h2:mem:testdb user=SA
2026-03-06T13:57:46.467+03:00  INFO 18812 --- [           main] com.zaxxer.hikari.HikariDataSource       : HikariPool-1 - Start completed.
2026-03-06T13:57:46.585+03:00  WARN 18812 --- [           main] org.hibernate.dialect.Dialect            : HHH000511: The 2.1.0 version for [org.hibernate.dialect.PostgreSQLDialect] is no longer supported, hence certain features may not work properly. The minimum supported version is 10.0.0. Check the community dialects project for available legacy versions.
2026-03-06T13:57:46.605+03:00  WARN 18812 --- [           main] org.hibernate.orm.deprecation            : HHH90000025: PostgreSQLDialect does not need to be specified explicitly using 'hibernate.dialect' (remove the property setting and it will be selected by default)
2026-03-06T13:57:50.951+03:00  INFO 18812 --- [           main] o.h.e.t.j.p.i.JtaPlatformInitiator       : HHH000489: No JTA platform available (set 'hibernate.transaction.jta.platform' to enable JTA platform integration)
2026-03-06T13:57:51.007+03:00 DEBUG 18812 --- [           main] org.hibernate.SQL                        : 
    alter table if exists answers 
       drop constraint if exists FK3erw1a3t0r78st8ty27x6v3g1
2026-03-06T13:57:51.022+03:00 DEBUG 18812 --- [           main] org.hibernate.SQL                        : 
    alter table if exists archived_resources 
       drop constraint if exists FKrmyt1m55axbi7a8xi47tls3cp
2026-03-06T13:57:51.024+03:00 DEBUG 18812 --- [           main] org.hibernate.SQL                        : 
    alter table if exists assessments 
       drop constraint if exists FKji2p646y1wdhv6pkykq3rv9kt
2026-03-06T13:57:51.025+03:00 DEBUG 18812 --- [           main] org.hibernate.SQL                        : 
    alter table if exists assessments 
       drop constraint if exists FKn765we78ik7ya6n5j5p5bgo7x
2026-03-06T13:57:51.026+03:00 DEBUG 18812 --- [           main] org.hibernate.SQL                        : 
    alter table if exists certificates 
       drop constraint if exists FKs5rftqrsgkog7h4piv3f7a9s6
2026-03-06T13:57:51.026+03:00 DEBUG 18812 --- [           main] org.hibernate.SQL                        : 
    alter table if exists certificates 
       drop constraint if exists FKd3f6enpb3p3xovee9klklf05r
2026-03-06T13:57:51.027+03:00 DEBUG 18812 --- [           main] org.hibernate.SQL                        : 
    alter table if exists course_modules 
       drop constraint if exists FKtn63pa8l33002k4xuwkcuefll
2026-03-06T13:57:51.028+03:00 DEBUG 18812 --- [           main] org.hibernate.SQL                        : 
    alter table if exists help_contents 
       drop constraint if exists FKcxfpmd6xaubefqqemmkcvqawg
2026-03-06T13:57:51.029+03:00 DEBUG 18812 --- [           main] org.hibernate.SQL                        : 
    alter table if exists help_content_steps 
       drop constraint if exists FKsn6s3k0phbdqow798hxjsoa2l
2026-03-06T13:57:51.030+03:00 DEBUG 18812 --- [           main] org.hibernate.SQL                        : 
    alter table if exists module_progress 
       drop constraint if exists FK846hyao4o8tpy5q9mrv96ilb2
2026-03-06T13:57:51.031+03:00 DEBUG 18812 --- [           main] org.hibernate.SQL                        : 
    alter table if exists module_progress 
       drop constraint if exists FKiwivm59wd0328gij7gayrr37
2026-03-06T13:57:51.032+03:00 DEBUG 18812 --- [           main] org.hibernate.SQL                        : 
    alter table if exists module_progress 
       drop constraint if exists FKiiw4sskvnx9ym1nixq197p0fo
2026-03-06T13:57:51.032+03:00 DEBUG 18812 --- [           main] org.hibernate.SQL                        : 
    alter table if exists modules 
       drop constraint if exists FK8qnnp812q1jd38fx7mxrhpw9
2026-03-06T13:57:51.033+03:00 DEBUG 18812 --- [           main] org.hibernate.SQL                        : 
    alter table if exists notifications 
       drop constraint if exists FK13vcnq3ukas06ho1yrbc5lrb5
2026-03-06T13:57:51.034+03:00 DEBUG 18812 --- [           main] org.hibernate.SQL                        : 
    alter table if exists questions 
       drop constraint if exists FK57g8y0vw5fbki91hridp5aohq
2026-03-06T13:57:51.034+03:00 DEBUG 18812 --- [           main] org.hibernate.SQL                        : 
    alter table if exists resource_tags 
       drop constraint if exists FKebvwissjka7b9huq6i5jkhqwn
2026-03-06T13:57:51.041+03:00 DEBUG 18812 --- [           main] org.hibernate.SQL                        : 
    alter table if exists resource_tags 
       drop constraint if exists FK1iba1kh2ulcqdhelp7oxn315w
2026-03-06T13:57:51.042+03:00 DEBUG 18812 --- [           main] org.hibernate.SQL                        : 
    alter table if exists resource_versions 
       drop constraint if exists FK156h0lxfnswh3tplndac5cti4
2026-03-06T13:57:51.043+03:00 DEBUG 18812 --- [           main] org.hibernate.SQL                        : 
    alter table if exists resource_versions 
       drop constraint if exists FK2eqo04108nyp4fjchb4xxg7r9
2026-03-06T13:57:51.043+03:00 DEBUG 18812 --- [           main] org.hibernate.SQL                        : 
    alter table if exists resources 
       drop constraint if exists FKil05f7wqr8dbayutssuw2qok0
2026-03-06T13:57:51.044+03:00 DEBUG 18812 --- [           main] org.hibernate.SQL                        : 
    alter table if exists resources 
       drop constraint if exists FKf3dn169v0hyegkheyvmck8x5l
2026-03-06T13:57:51.045+03:00 DEBUG 18812 --- [           main] org.hibernate.SQL                        : 
    alter table if exists user_roles 
       drop constraint if exists FKljgw07fam7v71ok817u4rvyro
2026-03-06T13:57:51.045+03:00 DEBUG 18812 --- [           main] org.hibernate.SQL                        : 
    alter table if exists user_roles 
       drop constraint if exists FKhfh9dx7w3ubf1co1vdev94g3f
2026-03-06T13:57:51.046+03:00 DEBUG 18812 --- [           main] org.hibernate.SQL                        : 
    alter table if exists users 
       drop constraint if exists FKh555fyoyldpyaltlb7jva35j2
2026-03-06T13:57:51.046+03:00 DEBUG 18812 --- [           main] org.hibernate.SQL                        : 
    alter table if exists webinar_presenters 
       drop constraint if exists FKgjpdwkfx5ko1ada00me3sxtnn
2026-03-06T13:57:51.047+03:00 DEBUG 18812 --- [           main] org.hibernate.SQL                        : 
    alter table if exists webinars 
       drop constraint if exists FK4sl84ctsau4ugq3s4rthpo7sv
2026-03-06T13:57:51.048+03:00 DEBUG 18812 --- [           main] org.hibernate.SQL                        : 
    drop table if exists answers cascade
2026-03-06T13:57:51.050+03:00 DEBUG 18812 --- [           main] org.hibernate.SQL                        : 
    drop table if exists archived_resources cascade
2026-03-06T13:57:51.050+03:00 DEBUG 18812 --- [           main] org.hibernate.SQL                        : 
    drop table if exists assessment_attempts cascade
2026-03-06T13:57:51.051+03:00 DEBUG 18812 --- [           main] org.hibernate.SQL                        : 
    drop table if exists assessment_definitions cascade
2026-03-06T13:57:51.051+03:00 DEBUG 18812 --- [           main] org.hibernate.SQL                        : 
    drop table if exists assessments cascade
2026-03-06T13:57:51.052+03:00 DEBUG 18812 --- [           main] org.hibernate.SQL                        : 
    drop table if exists certificates cascade
2026-03-06T13:57:51.052+03:00 DEBUG 18812 --- [           main] org.hibernate.SQL                        : 
    drop table if exists course_modules cascade
2026-03-06T13:57:51.053+03:00 DEBUG 18812 --- [           main] org.hibernate.SQL                        : 
    drop table if exists courses cascade
2026-03-06T13:57:51.053+03:00 DEBUG 18812 --- [           main] org.hibernate.SQL                        : 
    drop table if exists enrollments cascade
2026-03-06T13:57:51.054+03:00 DEBUG 18812 --- [           main] org.hibernate.SQL                        : 
    drop table if exists help_contents cascade
2026-03-06T13:57:51.055+03:00 DEBUG 18812 --- [           main] org.hibernate.SQL                        : 
    drop table if exists help_content_steps cascade
2026-03-06T13:57:51.055+03:00 DEBUG 18812 --- [           main] org.hibernate.SQL                        : 
    drop table if exists module_progress cascade
2026-03-06T13:57:51.056+03:00 DEBUG 18812 --- [           main] org.hibernate.SQL                        : 
    drop table if exists modules cascade
2026-03-06T13:57:51.056+03:00 DEBUG 18812 --- [           main] org.hibernate.SQL                        : 
    drop table if exists notifications cascade
2026-03-06T13:57:51.056+03:00 DEBUG 18812 --- [           main] org.hibernate.SQL                        : 
    drop table if exists questions cascade
2026-03-06T13:57:51.057+03:00 DEBUG 18812 --- [           main] org.hibernate.SQL                        : 
    drop table if exists resource_tags cascade
2026-03-06T13:57:51.057+03:00 DEBUG 18812 --- [           main] org.hibernate.SQL                        : 
    drop table if exists resource_versions cascade
2026-03-06T13:57:51.058+03:00 DEBUG 18812 --- [           main] org.hibernate.SQL                        : 
    drop table if exists resources cascade
2026-03-06T13:57:51.058+03:00 DEBUG 18812 --- [           main] org.hibernate.SQL                        : 
    drop table if exists sync_records cascade
2026-03-06T13:57:51.059+03:00 DEBUG 18812 --- [           main] org.hibernate.SQL                        : 
    drop table if exists tags cascade
2026-03-06T13:57:51.059+03:00 DEBUG 18812 --- [           main] org.hibernate.SQL                        : 
    drop table if exists user_roles cascade
2026-03-06T13:57:51.060+03:00 DEBUG 18812 --- [           main] org.hibernate.SQL                        : 
    drop table if exists users cascade
2026-03-06T13:57:51.060+03:00 DEBUG 18812 --- [           main] org.hibernate.SQL                        : 
    drop table if exists webinar_presenters cascade
2026-03-06T13:57:51.061+03:00 DEBUG 18812 --- [           main] org.hibernate.SQL                        : 
    drop table if exists webinars cascade
2026-03-06T13:57:51.082+03:00 DEBUG 18812 --- [           main] org.hibernate.SQL                        : 
    create table answers (
        answer_order integer,
        is_correct boolean not null,
        id bigserial not null,
        question_id bigint not null,
        answer_text TEXT not null,
        primary key (id)
    )
2026-03-06T13:57:51.110+03:00 DEBUG 18812 --- [           main] org.hibernate.SQL                        : 
    create table archived_resources (
        archived_at timestamp(6),
        archived_by bigint,
        deletion_scheduled_for timestamp(6),
        id bigserial not null,
        original_resource_id bigint,
        description varchar(1000),
        archive_reason varchar(255),
        category varchar(255),
        resource_type varchar(255),
        status varchar(255) not null,
        title varchar(255) not null,
        primary key (id)
    )
2026-03-06T13:57:51.117+03:00 DEBUG 18812 --- [           main] org.hibernate.SQL                        : 
    create table assessment_attempts (
        attempt_number integer not null,
        passed boolean not null,
        percentage float(53),
        score float(53),
        time_taken_minutes integer,
        total_points float(53),
        assessment_definition_id bigint not null,
        completed_at timestamp(6),
        id bigserial not null,
        started_at timestamp(6),
        user_id bigint not null,
        answers TEXT,
        primary key (id),
        constraint UK7yblcasf7whj0d1e258ketkgh unique (user_id, assessment_definition_id, attempt_number)
    )
2026-03-06T13:57:51.126+03:00 DEBUG 18812 --- [           main] org.hibernate.SQL                        : 
    create table assessment_definitions (
        certificate_required boolean not null,
        is_final_exam boolean not null,
        max_attempts integer not null,
        passing_score float(53) not null,
        show_correct_answers boolean not null,
        time_limit_minutes integer not null,
        course_id bigint not null,
        created_at timestamp(6),
        id bigserial not null,
        module_id bigint,
        updated_at timestamp(6),
        assessment_type varchar(255) not null,
        description TEXT,
        title varchar(255) not null,
        primary key (id)
    )
2026-03-06T13:57:51.131+03:00 DEBUG 18812 --- [           main] org.hibernate.SQL                        : 
    create table assessments (
        attempt_number integer not null,
        passed boolean not null,
        percentage float(53) not null,
        score integer not null,
        total_points integer not null,
        completed_at timestamp(6),
        id bigserial not null,
        module_id bigint not null,
        started_at timestamp(6),
        user_id bigint not null,
        feedback TEXT,
        primary key (id)
    )
2026-03-06T13:57:51.136+03:00 DEBUG 18812 --- [           main] org.hibernate.SQL                        : 
    create table certificates (
        verified boolean not null,
        course_id bigint,
        id bigserial not null,
        issued_at timestamp(6),
        issued_date timestamp(6),
        user_id bigint,
        valid_until timestamp(6),
        certificate_id varchar(255),
        certificate_number varchar(255),
        download_url varchar(255),
        verification_code varchar(255),
        primary key (id)
    )
2026-03-06T13:57:51.141+03:00 DEBUG 18812 --- [           main] org.hibernate.SQL                        : 
    create table course_modules (
        course_id bigint not null,
        modules varchar(255)
    )
2026-03-06T13:57:51.143+03:00 DEBUG 18812 --- [           main] org.hibernate.SQL                        : 
    create table courses (
        duration_hours integer not null,
        published boolean not null,
        created_at timestamp(6),
        id bigserial not null,
        updated_at timestamp(6),
        category varchar(255),
        description varchar(255),
        difficulty varchar(255),
        title varchar(255),
        primary key (id)
    )
2026-03-06T13:57:51.145+03:00 DEBUG 18812 --- [           main] org.hibernate.SQL                        : 
    create table enrollments (
        progress float(53) not null,
        completed_at timestamp(6),
        course_id bigint,
        enrolled_at timestamp(6),
        id bigserial not null,
        user_id bigint,
        status varchar(255),
        primary key (id)
    )
2026-03-06T13:57:51.152+03:00 DEBUG 18812 --- [           main] org.hibernate.SQL                        : 
    create table help_contents (
        created_at timestamp(6),
        created_by bigint,
        id bigserial not null,
        updated_at timestamp(6),
        short_description varchar(500),
        description varchar(2000),
        detailed_content varchar(5000),
        category varchar(255),
        doc_url varchar(255),
        example varchar(255),
        field_id varchar(255) not null unique,
        field_name varchar(255) not null,
        title varchar(255),
        video_url varchar(255),
        primary key (id)
    )
2026-03-06T13:57:51.157+03:00 DEBUG 18812 --- [           main] org.hibernate.SQL                        : 
    create table help_content_steps (
        help_content_id bigint not null,
        steps varchar(255)
    )
2026-03-06T13:57:51.159+03:00 DEBUG 18812 --- [           main] org.hibernate.SQL                        : 
    create table module_progress (
        attempt_count integer,
        completed boolean,
        max_attempts integer,
        module_order integer,
        passed boolean,
        progress float(53),
        quiz_score float(53),
        completed_at timestamp(6),
        enrollment_id bigint not null,
        id bigserial not null,
        module_id bigint,
        started_at timestamp(6),
        user_id bigint,
        module_name varchar(255),
        primary key (id)
    )
2026-03-06T13:57:51.162+03:00 DEBUG 18812 --- [           main] org.hibernate.SQL                        : 
    create table modules (
        duration_minutes integer,
        is_locked boolean,
        max_attempts integer,
        module_order integer,
        passing_score integer,
        course_id bigint not null,
        created_at timestamp(6),
        id bigserial not null,
        updated_at timestamp(6),
        content_url varchar(255),
        description TEXT,
        learning_objectives TEXT,
        lesson_content TEXT,
        title varchar(255) not null,
        video_url varchar(255),
        primary key (id)
    )
2026-03-06T13:57:51.171+03:00 DEBUG 18812 --- [           main] org.hibernate.SQL                        : 
    create table notifications (
        is_read boolean,
        opened_count integer,
        sent_count integer,
        created_at timestamp(6),
        id bigserial not null,
        read_at timestamp(6),
        scheduled_for timestamp(6),
        sender_id bigint,
        sent_at timestamp(6),
        updated_at timestamp(6),
        user_id bigint,
        message varchar(5000),
        link varchar(255),
        notification_type varchar(255) not null,
        priority varchar(255) not null,
        role varchar(255),
        status varchar(255) not null,
        target_audience varchar(255) not null,
        title varchar(255) not null,
        primary key (id)
    )
2026-03-06T13:57:51.174+03:00 DEBUG 18812 --- [           main] org.hibernate.SQL                        : 
    create table questions (
        is_practice boolean,
        points integer not null,
        question_order integer,
        created_at timestamp(6),
        id bigserial not null,
        module_id bigint not null,
        explanation TEXT,
        question_text TEXT not null,
        question_type varchar(255) check (question_type in ('MULTIPLE_CHOICE','TRUE_FALSE','SHORT_ANSWER','ESSAY')),
        primary key (id)
    )
2026-03-06T13:57:51.189+03:00 DEBUG 18812 --- [           main] org.hibernate.SQL                        : 
    create table resource_tags (
        resource_id bigint not null,
        tag_id bigint not null,
        primary key (resource_id, tag_id)
    )
2026-03-06T13:57:51.191+03:00 DEBUG 18812 --- [           main] org.hibernate.SQL                        : 
    create table resource_versions (
        version integer,
        file_size bigint,
        id bigserial not null,
        resource_id bigint,
        updated_at timestamp(6),
        updated_by bigint,
        change_summary varchar(255),
        description varchar(255),
        file_name varchar(255),
        file_path varchar(255),
        mime_type varchar(255),
        title varchar(255),
        primary key (id)
    )
2026-03-06T13:57:51.195+03:00 DEBUG 18812 --- [           main] org.hibernate.SQL                        : 
    create table resources (
        archived boolean,
        download_count integer,
        is_latest_version boolean,
        version integer,
        view_count integer,
        archived_at timestamp(6),
        archived_by bigint,
        file_size bigint,
        id bigserial not null,
        previous_version_id bigint,
        updated_at timestamp(6),
        uploaded_at timestamp(6),
        uploaded_by bigint,
        audience varchar(255),
        category varchar(255),
        description varchar(255),
        file_hash varchar(255),
        file_name varchar(255),
        file_path varchar(255),
        mime_type varchar(255),
        resource_type varchar(255),
        status varchar(255),
        title varchar(255),
        primary key (id)
    )
2026-03-06T13:57:51.198+03:00 DEBUG 18812 --- [           main] org.hibernate.SQL                        : 
    create table sync_records (
        retry_count integer,
        completion_date timestamp(6),
        created_at timestamp(6),
        id bigserial not null,
        synced_at timestamp(6),
        training_id bigint,
        updated_at timestamp(6),
        user_id bigint,
        sync_details varchar(2000),
        entity_type varchar(255),
        error_message varchar(255),
        operation varchar(255),
        status varchar(255) not null,
        sync_status varchar(255) not null,
        training_type varchar(255),
        primary key (id)
    )
2026-03-06T13:57:51.202+03:00 DEBUG 18812 --- [           main] org.hibernate.SQL                        : 
    create table tags (
        id bigserial not null,
        description varchar(255),
        name varchar(255) not null unique,
        primary key (id)
    )
2026-03-06T13:57:51.206+03:00 DEBUG 18812 --- [           main] org.hibernate.SQL                        : 
    create table user_roles (
        assigned_at timestamp(6),
        assigned_by bigint,
        id bigserial not null,
        user_id bigint,
        description varchar(255),
        permissions varchar(255),
        role_name varchar(255) not null,
        primary key (id)
    )
2026-03-06T13:57:51.210+03:00 DEBUG 18812 --- [           main] org.hibernate.SQL                        : 
    create table users (
        is_active boolean,
        created_at timestamp(6),
        id bigserial not null,
        last_login timestamp(6),
        role_id bigint,
        company_name varchar(255),
        email varchar(255) not null unique,
        full_name varchar(255),
        password varchar(255) not null,
        phone_number varchar(255),
        tax_number varchar(255),
        user_type varchar(255) check (user_type in ('TAX_AGENT','MOR_STAFF','CONTENT_ADMIN','TRAINING_ADMIN','COMM_OFFICER','MANAGER','SYSTEM_ADMIN','TAXPAYER','AUDITOR')),
        username varchar(255) not null unique,
        primary key (id)
    )
2026-03-06T13:57:51.217+03:00 DEBUG 18812 --- [           main] org.hibernate.SQL                        : 
    create table webinar_presenters (
        webinar_id bigint not null,
        presenters varchar(255)
    )
2026-03-06T13:57:51.219+03:00 DEBUG 18812 --- [           main] org.hibernate.SQL                        : 
    create table webinars (
        duration_minutes integer,
        max_attendees integer,
        registered_count integer,
        registration_open boolean not null,
        created_at timestamp(6),
        created_by bigint,
        id bigserial not null,
        schedule_time timestamp(6) not null,
        updated_at timestamp(6),
        description varchar(2000),
        meeting_link varchar(255),
        recording_link varchar(255),
        status varchar(255) not null,
        target_audience varchar(255),
        title varchar(255) not null,
        primary key (id)
    )
2026-03-06T13:57:51.224+03:00 DEBUG 18812 --- [           main] org.hibernate.SQL                        : 
    alter table if exists answers 
       add constraint FK3erw1a3t0r78st8ty27x6v3g1 
       foreign key (question_id) 
       references questions
2026-03-06T13:57:51.250+03:00 DEBUG 18812 --- [           main] org.hibernate.SQL                        : 
    alter table if exists archived_resources 
       add constraint FKrmyt1m55axbi7a8xi47tls3cp 
       foreign key (archived_by) 
       references users
2026-03-06T13:57:51.254+03:00 DEBUG 18812 --- [           main] org.hibernate.SQL                        : 
    alter table if exists assessments 
       add constraint FKji2p646y1wdhv6pkykq3rv9kt 
       foreign key (module_id) 
       references modules
2026-03-06T13:57:51.257+03:00 DEBUG 18812 --- [           main] org.hibernate.SQL                        : 
    alter table if exists assessments 
       add constraint FKn765we78ik7ya6n5j5p5bgo7x 
       foreign key (user_id) 
       references users
2026-03-06T13:57:51.261+03:00 DEBUG 18812 --- [           main] org.hibernate.SQL                        : 
    alter table if exists certificates 
       add constraint FKs5rftqrsgkog7h4piv3f7a9s6 
       foreign key (course_id) 
       references courses
2026-03-06T13:57:51.264+03:00 DEBUG 18812 --- [           main] org.hibernate.SQL                        : 
    alter table if exists certificates 
       add constraint FKd3f6enpb3p3xovee9klklf05r 
       foreign key (user_id) 
       references users
2026-03-06T13:57:51.269+03:00 DEBUG 18812 --- [           main] org.hibernate.SQL                        : 
    alter table if exists course_modules 
       add constraint FKtn63pa8l33002k4xuwkcuefll 
       foreign key (course_id) 
       references courses
2026-03-06T13:57:51.274+03:00 DEBUG 18812 --- [           main] org.hibernate.SQL                        : 
    alter table if exists help_contents 
       add constraint FKcxfpmd6xaubefqqemmkcvqawg 
       foreign key (created_by) 
       references users
2026-03-06T13:57:51.278+03:00 DEBUG 18812 --- [           main] org.hibernate.SQL                        : 
    alter table if exists help_content_steps 
       add constraint FKsn6s3k0phbdqow798hxjsoa2l 
       foreign key (help_content_id) 
       references help_contents
2026-03-06T13:57:51.283+03:00 DEBUG 18812 --- [           main] org.hibernate.SQL                        : 
    alter table if exists module_progress 
       add constraint FK846hyao4o8tpy5q9mrv96ilb2 
       foreign key (enrollment_id) 
       references enrollments
2026-03-06T13:57:51.287+03:00 DEBUG 18812 --- [           main] org.hibernate.SQL                        : 
    alter table if exists module_progress 
       add constraint FKiwivm59wd0328gij7gayrr37 
       foreign key (module_id) 
       references modules
2026-03-06T13:57:51.291+03:00 DEBUG 18812 --- [           main] org.hibernate.SQL                        : 
    alter table if exists module_progress 
       add constraint FKiiw4sskvnx9ym1nixq197p0fo 
       foreign key (user_id) 
       references users
2026-03-06T13:57:51.296+03:00 DEBUG 18812 --- [           main] org.hibernate.SQL                        : 
    alter table if exists modules 
       add constraint FK8qnnp812q1jd38fx7mxrhpw9 
       foreign key (course_id) 
       references courses
2026-03-06T13:57:51.299+03:00 DEBUG 18812 --- [           main] org.hibernate.SQL                        : 
    alter table if exists notifications 
       add constraint FK13vcnq3ukas06ho1yrbc5lrb5 
       foreign key (sender_id) 
       references users
2026-03-06T13:57:51.303+03:00 DEBUG 18812 --- [           main] org.hibernate.SQL                        : 
    alter table if exists questions 
       add constraint FK57g8y0vw5fbki91hridp5aohq 
       foreign key (module_id) 
       references modules
2026-03-06T13:57:51.306+03:00 DEBUG 18812 --- [           main] org.hibernate.SQL                        : 
    alter table if exists resource_tags 
       add constraint FKebvwissjka7b9huq6i5jkhqwn 
       foreign key (tag_id) 
       references tags
2026-03-06T13:57:51.311+03:00 DEBUG 18812 --- [           main] org.hibernate.SQL                        : 
    alter table if exists resource_tags 
       add constraint FK1iba1kh2ulcqdhelp7oxn315w 
       foreign key (resource_id) 
       references resources
2026-03-06T13:57:51.313+03:00 DEBUG 18812 --- [           main] org.hibernate.SQL                        : 
    alter table if exists resource_versions 
       add constraint FK156h0lxfnswh3tplndac5cti4 
       foreign key (resource_id) 
       references resources
2026-03-06T13:57:51.317+03:00 DEBUG 18812 --- [           main] org.hibernate.SQL                        : 
    alter table if exists resource_versions 
       add constraint FK2eqo04108nyp4fjchb4xxg7r9 
       foreign key (updated_by) 
       references users
2026-03-06T13:57:51.322+03:00 DEBUG 18812 --- [           main] org.hibernate.SQL                        : 
    alter table if exists resources 
       add constraint FKil05f7wqr8dbayutssuw2qok0 
       foreign key (archived_by) 
       references users
2026-03-06T13:57:51.325+03:00 DEBUG 18812 --- [           main] org.hibernate.SQL                        : 
    alter table if exists resources 
       add constraint FKf3dn169v0hyegkheyvmck8x5l 
       foreign key (uploaded_by) 
       references users
2026-03-06T13:57:51.330+03:00 DEBUG 18812 --- [           main] org.hibernate.SQL                        : 
    alter table if exists user_roles 
       add constraint FKljgw07fam7v71ok817u4rvyro 
       foreign key (assigned_by) 
       references users
2026-03-06T13:57:51.335+03:00 DEBUG 18812 --- [           main] org.hibernate.SQL                        : 
    alter table if exists user_roles 
       add constraint FKhfh9dx7w3ubf1co1vdev94g3f 
       foreign key (user_id) 
       references users
2026-03-06T13:57:51.339+03:00 DEBUG 18812 --- [           main] org.hibernate.SQL                        : 
    alter table if exists users 
       add constraint FKh555fyoyldpyaltlb7jva35j2 
       foreign key (role_id) 
       references user_roles
2026-03-06T13:57:51.343+03:00 DEBUG 18812 --- [           main] org.hibernate.SQL                        : 
    alter table if exists webinar_presenters 
       add constraint FKgjpdwkfx5ko1ada00me3sxtnn 
       foreign key (webinar_id) 
       references webinars
2026-03-06T13:57:51.349+03:00 DEBUG 18812 --- [           main] org.hibernate.SQL                        : 
    alter table if exists webinars 
       add constraint FK4sl84ctsau4ugq3s4rthpo7sv 
       foreign key (created_by) 
       references users
2026-03-06T13:57:51.365+03:00  INFO 18812 --- [           main] j.LocalContainerEntityManagerFactoryBean : Initialized JPA EntityManagerFactory for persistence unit 'default'
2026-03-06T13:57:52.636+03:00  INFO 18812 --- [           main] o.s.d.j.r.query.QueryEnhancerFactory     : Hibernate is in classpath; If applicable, HQL parser will be used.
2026-03-06T13:57:56.904+03:00  INFO 18812 --- [           main] o.s.s.web.DefaultSecurityFilterChain     : Will secure any request with [org.springframework.security.web.session.DisableEncodeUrlFilter@7f0d0408, org.springframework.security.web.context.request.async.WebAsyncManagerIntegrationFilter@70222dd0, org.springframework.security.web.context.SecurityContextHolderFilter@344b29e9, org.springframework.security.web.header.HeaderWriterFilter@61124d79, org.springframework.web.filter.CorsFilter@68a4a6c8, org.springframework.security.web.authentication.logout.LogoutFilter@77e7642f, com.itas.security.JwtAuthenticationFilter@1afdc3f4, org.springframework.security.web.savedrequest.RequestCacheAwareFilter@ee64dac, org.springframework.security.web.servletapi.SecurityContextHolderAwareRequestFilter@1aaa030d, org.springframework.security.web.authentication.AnonymousAuthenticationFilter@18818cd9, org.springframework.security.web.session.SessionManagementFilter@631e20b0, org.springframework.security.web.access.ExceptionTranslationFilter@3b2162ab, org.springframework.security.web.access.intercept.AuthorizationFilter@4516e2f]
2026-03-06T13:57:57.494+03:00  INFO 18812 --- [           main] com.itas.ItasApplicationTests            : Started ItasApplicationTests in 19.164 seconds (process running for 28.526)
2026-03-06T13:57:57.863+03:00 DEBUG 18812 --- [           main] org.hibernate.SQL                        : 
    select
        u1_0.id,
        u1_0.is_active,
        u1_0.company_name,
        u1_0.created_at,
        u1_0.email,
        u1_0.full_name,
        u1_0.last_login,
        u1_0.password,
        u1_0.phone_number,
        u1_0.role_id,
        u1_0.tax_number,
        u1_0.user_type,
        u1_0.username 
    from
        users u1_0 
    where
        u1_0.username=?
2026-03-06T13:57:58.257+03:00 DEBUG 18812 --- [           main] org.hibernate.SQL                        : 
    insert 
    into
        users
        (is_active,company_name,created_at,email,full_name,last_login,password,phone_number,role_id,tax_number,user_type,username) 
    values
        (?,?,?,?,?,?,?,?,?,?,?,?)
2026-03-06T13:57:58.336+03:00 DEBUG 18812 --- [           main] org.hibernate.SQL                        : 
    select
        u1_0.id 
    from
        user_roles u1_0 
    where
        u1_0.user_id=? 
        and u1_0.role_name=? 
    fetch
        first ? rows only
2026-03-06T13:57:58.342+03:00 DEBUG 18812 --- [           main] org.hibernate.SQL                        : 
    insert 
    into
        user_roles
        (assigned_at,assigned_by,description,permissions,role_name,user_id) 
    values
        (?,?,?,?,?,?)
2026-03-06T13:57:58.351+03:00 DEBUG 18812 --- [           main] org.hibernate.SQL                        : 
    select
        u1_0.id 
    from
        user_roles u1_0 
    where
        u1_0.user_id=? 
        and u1_0.role_name=? 
    fetch
        first ? rows only
2026-03-06T13:57:58.354+03:00 DEBUG 18812 --- [           main] org.hibernate.SQL                        : 
    insert 
    into
        user_roles
        (assigned_at,assigned_by,description,permissions,role_name,user_id) 
    values
        (?,?,?,?,?,?)
2026-03-06T13:57:58.360+03:00 DEBUG 18812 --- [           main] org.hibernate.SQL                        : 
    select
        u1_0.id 
    from
        user_roles u1_0 
    where
        u1_0.user_id=? 
        and u1_0.role_name=? 
    fetch
        first ? rows only
2026-03-06T13:57:58.362+03:00 DEBUG 18812 --- [           main] org.hibernate.SQL                        : 
    insert 
    into
        user_roles
        (assigned_at,assigned_by,description,permissions,role_name,user_id) 
    values
        (?,?,?,?,?,?)
2026-03-06T13:57:58.369+03:00 DEBUG 18812 --- [           main] org.hibernate.SQL                        : 
    select
        u1_0.id 
    from
        user_roles u1_0 
    where
        u1_0.user_id=? 
        and u1_0.role_name=? 
    fetch
        first ? rows only
2026-03-06T13:57:58.374+03:00 DEBUG 18812 --- [           main] org.hibernate.SQL                        : 
    insert 
    into
        user_roles
        (assigned_at,assigned_by,description,permissions,role_name,user_id) 
    values
        (?,?,?,?,?,?)
2026-03-06T13:57:58.379+03:00 DEBUG 18812 --- [           main] org.hibernate.SQL                        : 
    select
        u1_0.id 
    from
        user_roles u1_0 
    where
        u1_0.user_id=? 
        and u1_0.role_name=? 
    fetch
        first ? rows only
2026-03-06T13:57:58.383+03:00 DEBUG 18812 --- [           main] org.hibernate.SQL                        : 
    insert 
    into
        user_roles
        (assigned_at,assigned_by,description,permissions,role_name,user_id) 
    values
        (?,?,?,?,?,?)
2026-03-06T13:57:58.390+03:00 DEBUG 18812 --- [           main] org.hibernate.SQL                        : 
    select
        u1_0.id 
    from
        user_roles u1_0 
    where
        u1_0.user_id=? 
        and u1_0.role_name=? 
    fetch
        first ? rows only
2026-03-06T13:57:58.394+03:00 DEBUG 18812 --- [           main] org.hibernate.SQL                        : 
    insert 
    into
        user_roles
        (assigned_at,assigned_by,description,permissions,role_name,user_id) 
    values
        (?,?,?,?,?,?)
2026-03-06T13:57:58.402+03:00 DEBUG 18812 --- [           main] org.hibernate.SQL                        : 
    select
        u1_0.id 
    from
        user_roles u1_0 
    where
        u1_0.user_id=? 
        and u1_0.role_name=? 
    fetch
        first ? rows only
2026-03-06T13:57:58.405+03:00 DEBUG 18812 --- [           main] org.hibernate.SQL                        : 
    insert 
    into
        user_roles
        (assigned_at,assigned_by,description,permissions,role_name,user_id) 
    values
        (?,?,?,?,?,?)
2026-03-06T13:57:58.411+03:00 DEBUG 18812 --- [           main] org.hibernate.SQL                        : 
    select
        u1_0.id 
    from
        user_roles u1_0 
    where
        u1_0.user_id=? 
        and u1_0.role_name=? 
    fetch
        first ? rows only
2026-03-06T13:57:58.415+03:00 DEBUG 18812 --- [           main] org.hibernate.SQL                        : 
    insert 
    into
        user_roles
        (assigned_at,assigned_by,description,permissions,role_name,user_id) 
    values
        (?,?,?,?,?,?)
2026-03-06T13:57:58.425+03:00 DEBUG 18812 --- [           main] org.hibernate.SQL                        : 
    select
        u1_0.id 
    from
        user_roles u1_0 
    where
        u1_0.user_id=? 
        and u1_0.role_name=? 
    fetch
        first ? rows only
2026-03-06T13:57:58.429+03:00 DEBUG 18812 --- [           main] org.hibernate.SQL                        : 
    insert 
    into
        user_roles
        (assigned_at,assigned_by,description,permissions,role_name,user_id) 
    values
        (?,?,?,?,?,?)
2026-03-06T13:57:58.436+03:00 DEBUG 18812 --- [           main] org.hibernate.SQL                        : 
    select
        u1_0.id 
    from
        user_roles u1_0 
    where
        u1_0.user_id=? 
        and u1_0.role_name=? 
    fetch
        first ? rows only
2026-03-06T13:57:58.440+03:00 DEBUG 18812 --- [           main] org.hibernate.SQL                        : 
    insert 
    into
        user_roles
        (assigned_at,assigned_by,description,permissions,role_name,user_id) 
    values
        (?,?,?,?,?,?)
2026-03-06T13:57:58.446+03:00 DEBUG 18812 --- [           main] org.hibernate.SQL                        : 
    select
        u1_0.id 
    from
        user_roles u1_0 
    where
        u1_0.user_id=? 
        and u1_0.role_name=? 
    fetch
        first ? rows only
2026-03-06T13:57:58.451+03:00 DEBUG 18812 --- [           main] org.hibernate.SQL                        : 
    insert 
    into
        user_roles
        (assigned_at,assigned_by,description,permissions,role_name,user_id) 
    values
        (?,?,?,?,?,?)
2026-03-06T13:57:58.460+03:00 DEBUG 18812 --- [           main] org.hibernate.SQL                        : 
    select
        u1_0.id,
        u1_0.is_active,
        u1_0.company_name,
        u1_0.created_at,
        u1_0.email,
        u1_0.full_name,
        u1_0.last_login,
        u1_0.password,
        u1_0.phone_number,
        u1_0.role_id,
        u1_0.tax_number,
        u1_0.user_type,
        u1_0.username 
    from
        users u1_0 
    where
        u1_0.username=?
2026-03-06T13:57:58.601+03:00 DEBUG 18812 --- [           main] org.hibernate.SQL                        : 
    insert 
    into
        users
        (is_active,company_name,created_at,email,full_name,last_login,password,phone_number,role_id,tax_number,user_type,username) 
    values
        (?,?,?,?,?,?,?,?,?,?,?,?)
2026-03-06T13:57:58.610+03:00 DEBUG 18812 --- [           main] org.hibernate.SQL                        : 
    select
        u1_0.id 
    from
        user_roles u1_0 
    where
        u1_0.user_id=? 
        and u1_0.role_name=? 
    fetch
        first ? rows only
2026-03-06T13:57:58.612+03:00 DEBUG 18812 --- [           main] org.hibernate.SQL                        : 
    insert 
    into
        user_roles
        (assigned_at,assigned_by,description,permissions,role_name,user_id) 
    values
        (?,?,?,?,?,?)
2026-03-06T13:57:58.617+03:00 DEBUG 18812 --- [           main] org.hibernate.SQL                        : 
    select
        u1_0.id 
    from
        user_roles u1_0 
    where
        u1_0.user_id=? 
        and u1_0.role_name=? 
    fetch
        first ? rows only
2026-03-06T13:57:58.620+03:00 DEBUG 18812 --- [           main] org.hibernate.SQL                        : 
    insert 
    into
        user_roles
        (assigned_at,assigned_by,description,permissions,role_name,user_id) 
    values
        (?,?,?,?,?,?)
2026-03-06T13:57:58.648+03:00 DEBUG 18812 --- [           main] org.hibernate.SQL                        : 
    select
        u1_0.id 
    from
        user_roles u1_0 
    where
        u1_0.user_id=? 
        and u1_0.role_name=? 
    fetch
        first ? rows only
2026-03-06T13:57:58.653+03:00 DEBUG 18812 --- [           main] org.hibernate.SQL                        : 
    insert 
    into
        user_roles
        (assigned_at,assigned_by,description,permissions,role_name,user_id) 
    values
        (?,?,?,?,?,?)
2026-03-06T13:57:58.660+03:00 DEBUG 18812 --- [           main] org.hibernate.SQL                        : 
    select
        u1_0.id,
        u1_0.is_active,
        u1_0.company_name,
        u1_0.created_at,
        u1_0.email,
        u1_0.full_name,
        u1_0.last_login,
        u1_0.password,
        u1_0.phone_number,
        u1_0.role_id,
        u1_0.tax_number,
        u1_0.user_type,
        u1_0.username 
    from
        users u1_0 
    where
        u1_0.username=?
2026-03-06T13:57:58.804+03:00 DEBUG 18812 --- [           main] org.hibernate.SQL                        : 
    insert 
    into
        users
        (is_active,company_name,created_at,email,full_name,last_login,password,phone_number,role_id,tax_number,user_type,username) 
    values
        (?,?,?,?,?,?,?,?,?,?,?,?)
2026-03-06T13:57:58.810+03:00 DEBUG 18812 --- [           main] org.hibernate.SQL                        : 
    select
        u1_0.id 
    from
        user_roles u1_0 
    where
        u1_0.user_id=? 
        and u1_0.role_name=? 
    fetch
        first ? rows only
2026-03-06T13:57:58.813+03:00 DEBUG 18812 --- [           main] org.hibernate.SQL                        : 
    insert 
    into
        user_roles
        (assigned_at,assigned_by,description,permissions,role_name,user_id) 
    values
        (?,?,?,?,?,?)
2026-03-06T13:57:58.818+03:00 DEBUG 18812 --- [           main] org.hibernate.SQL                        : 
    select
        u1_0.id 
    from
        user_roles u1_0 
    where
        u1_0.user_id=? 
        and u1_0.role_name=? 
    fetch
        first ? rows only
2026-03-06T13:57:58.822+03:00 DEBUG 18812 --- [           main] org.hibernate.SQL                        : 
    insert 
    into
        user_roles
        (assigned_at,assigned_by,description,permissions,role_name,user_id) 
    values
        (?,?,?,?,?,?)
2026-03-06T13:57:58.828+03:00 DEBUG 18812 --- [           main] org.hibernate.SQL                        : 
    select
        u1_0.id,
        u1_0.is_active,
        u1_0.company_name,
        u1_0.created_at,
        u1_0.email,
        u1_0.full_name,
        u1_0.last_login,
        u1_0.password,
        u1_0.phone_number,
        u1_0.role_id,
        u1_0.tax_number,
        u1_0.user_type,
        u1_0.username 
    from
        users u1_0 
    where
        u1_0.username=?
2026-03-06T13:57:58.970+03:00 DEBUG 18812 --- [           main] org.hibernate.SQL                        : 
    insert 
    into
        users
        (is_active,company_name,created_at,email,full_name,last_login,password,phone_number,role_id,tax_number,user_type,username) 
    values
        (?,?,?,?,?,?,?,?,?,?,?,?)
2026-03-06T13:57:58.976+03:00 DEBUG 18812 --- [           main] org.hibernate.SQL                        : 
    select
        u1_0.id 
    from
        user_roles u1_0 
    where
        u1_0.user_id=? 
        and u1_0.role_name=? 
    fetch
        first ? rows only
2026-03-06T13:57:58.978+03:00 DEBUG 18812 --- [           main] org.hibernate.SQL                        : 
    insert 
    into
        user_roles
        (assigned_at,assigned_by,description,permissions,role_name,user_id) 
    values
        (?,?,?,?,?,?)
2026-03-06T13:57:58.983+03:00 DEBUG 18812 --- [           main] org.hibernate.SQL                        : 
    select
        u1_0.id,
        u1_0.is_active,
        u1_0.company_name,
        u1_0.created_at,
        u1_0.email,
        u1_0.full_name,
        u1_0.last_login,
        u1_0.password,
        u1_0.phone_number,
        u1_0.role_id,
        u1_0.tax_number,
        u1_0.user_type,
        u1_0.username 
    from
        users u1_0 
    where
        u1_0.username=?
2026-03-06T13:57:59.121+03:00 DEBUG 18812 --- [           main] org.hibernate.SQL                        : 
    insert 
    into
        users
        (is_active,company_name,created_at,email,full_name,last_login,password,phone_number,role_id,tax_number,user_type,username) 
    values
        (?,?,?,?,?,?,?,?,?,?,?,?)
2026-03-06T13:57:59.128+03:00 DEBUG 18812 --- [           main] org.hibernate.SQL                        : 
    select
        u1_0.id 
    from
        user_roles u1_0 
    where
        u1_0.user_id=? 
        and u1_0.role_name=? 
    fetch
        first ? rows only
2026-03-06T13:57:59.131+03:00 DEBUG 18812 --- [           main] org.hibernate.SQL                        : 
    insert 
    into
        user_roles
        (assigned_at,assigned_by,description,permissions,role_name,user_id) 
    values
        (?,?,?,?,?,?)
2026-03-06T13:57:59.136+03:00 DEBUG 18812 --- [           main] org.hibernate.SQL                        : 
    select
        u1_0.id 
    from
        user_roles u1_0 
    where
        u1_0.user_id=? 
        and u1_0.role_name=? 
    fetch
        first ? rows only
2026-03-06T13:57:59.138+03:00 DEBUG 18812 --- [           main] org.hibernate.SQL                        : 
    insert 
    into
        user_roles
        (assigned_at,assigned_by,description,permissions,role_name,user_id) 
    values
        (?,?,?,?,?,?)
2026-03-06T13:57:59.145+03:00 DEBUG 18812 --- [           main] org.hibernate.SQL                        : 
    select
        u1_0.id,
        u1_0.is_active,
        u1_0.company_name,
        u1_0.created_at,
        u1_0.email,
        u1_0.full_name,
        u1_0.last_login,
        u1_0.password,
        u1_0.phone_number,
        u1_0.role_id,
        u1_0.tax_number,
        u1_0.user_type,
        u1_0.username 
    from
        users u1_0 
    where
        u1_0.username=?
2026-03-06T13:57:59.282+03:00 DEBUG 18812 --- [           main] org.hibernate.SQL                        : 
    insert 
    into
        users
        (is_active,company_name,created_at,email,full_name,last_login,password,phone_number,role_id,tax_number,user_type,username) 
    values
        (?,?,?,?,?,?,?,?,?,?,?,?)
2026-03-06T13:57:59.289+03:00 DEBUG 18812 --- [           main] org.hibernate.SQL                        : 
    select
        u1_0.id 
    from
        user_roles u1_0 
    where
        u1_0.user_id=? 
        and u1_0.role_name=? 
    fetch
        first ? rows only
2026-03-06T13:57:59.292+03:00 DEBUG 18812 --- [           main] org.hibernate.SQL                        : 
    insert 
    into
        user_roles
        (assigned_at,assigned_by,description,permissions,role_name,user_id) 
    values
        (?,?,?,?,?,?)
2026-03-06T13:57:59.297+03:00 DEBUG 18812 --- [           main] org.hibernate.SQL                        : 
    select
        u1_0.id 
    from
        user_roles u1_0 
    where
        u1_0.user_id=? 
        and u1_0.role_name=? 
    fetch
        first ? rows only
2026-03-06T13:57:59.299+03:00 DEBUG 18812 --- [           main] org.hibernate.SQL                        : 
    insert 
    into
        user_roles
        (assigned_at,assigned_by,description,permissions,role_name,user_id) 
    values
        (?,?,?,?,?,?)
2026-03-06T13:57:59.305+03:00 DEBUG 18812 --- [           main] org.hibernate.SQL                        : 
    select
        u1_0.id 
    from
        user_roles u1_0 
    where
        u1_0.user_id=? 
        and u1_0.role_name=? 
    fetch
        first ? rows only
2026-03-06T13:57:59.308+03:00 DEBUG 18812 --- [           main] org.hibernate.SQL                        : 
    insert 
    into
        user_roles
        (assigned_at,assigned_by,description,permissions,role_name,user_id) 
    values
        (?,?,?,?,?,?)
2026-03-06T13:57:59.313+03:00 DEBUG 18812 --- [           main] org.hibernate.SQL                        : 
    select
        u1_0.id 
    from
        user_roles u1_0 
    where
        u1_0.user_id=? 
        and u1_0.role_name=? 
    fetch
        first ? rows only
2026-03-06T13:57:59.317+03:00 DEBUG 18812 --- [           main] org.hibernate.SQL                        : 
    insert 
    into
        user_roles
        (assigned_at,assigned_by,description,permissions,role_name,user_id) 
    values
        (?,?,?,?,?,?)
2026-03-06T13:57:59.321+03:00 DEBUG 18812 --- [           main] org.hibernate.SQL                        : 
    select
        u1_0.id 
    from
        user_roles u1_0 
    where
        u1_0.user_id=? 
        and u1_0.role_name=? 
    fetch
        first ? rows only
2026-03-06T13:57:59.324+03:00 DEBUG 18812 --- [           main] org.hibernate.SQL                        : 
    insert 
    into
        user_roles
        (assigned_at,assigned_by,description,permissions,role_name,user_id) 
    values
        (?,?,?,?,?,?)
2026-03-06T13:57:59.328+03:00 DEBUG 18812 --- [           main] org.hibernate.SQL                        : 
    select
        u1_0.id 
    from
        user_roles u1_0 
    where
        u1_0.user_id=? 
        and u1_0.role_name=? 
    fetch
        first ? rows only
2026-03-06T13:57:59.331+03:00 DEBUG 18812 --- [           main] org.hibernate.SQL                        : 
    insert 
    into
        user_roles
        (assigned_at,assigned_by,description,permissions,role_name,user_id) 
    values
        (?,?,?,?,?,?)
2026-03-06T13:57:59.337+03:00 DEBUG 18812 --- [           main] org.hibernate.SQL                        : 
    select
        u1_0.id,
        u1_0.is_active,
        u1_0.company_name,
        u1_0.created_at,
        u1_0.email,
        u1_0.full_name,
        u1_0.last_login,
        u1_0.password,
        u1_0.phone_number,
        u1_0.role_id,
        u1_0.tax_number,
        u1_0.user_type,
        u1_0.username 
    from
        users u1_0 
    where
        u1_0.username=?
2026-03-06T13:57:59.490+03:00 DEBUG 18812 --- [           main] org.hibernate.SQL                        : 
    insert 
    into
        users
        (is_active,company_name,created_at,email,full_name,last_login,password,phone_number,role_id,tax_number,user_type,username) 
    values
        (?,?,?,?,?,?,?,?,?,?,?,?)
2026-03-06T13:57:59.495+03:00 DEBUG 18812 --- [           main] org.hibernate.SQL                        : 
    select
        u1_0.id 
    from
        user_roles u1_0 
    where
        u1_0.user_id=? 
        and u1_0.role_name=? 
    fetch
        first ? rows only
2026-03-06T13:57:59.498+03:00 DEBUG 18812 --- [           main] org.hibernate.SQL                        : 
    insert 
    into
        user_roles
        (assigned_at,assigned_by,description,permissions,role_name,user_id) 
    values
        (?,?,?,?,?,?)
2026-03-06T13:57:59.505+03:00 DEBUG 18812 --- [           main] org.hibernate.SQL                        : 
    select
        u1_0.id 
    from
        user_roles u1_0 
    where
        u1_0.user_id=? 
        and u1_0.role_name=? 
    fetch
        first ? rows only
2026-03-06T13:57:59.508+03:00 DEBUG 18812 --- [           main] org.hibernate.SQL                        : 
    insert 
    into
        user_roles
        (assigned_at,assigned_by,description,permissions,role_name,user_id) 
    values
        (?,?,?,?,?,?)
2026-03-06T13:57:59.514+03:00 DEBUG 18812 --- [           main] org.hibernate.SQL                        : 
    select
        u1_0.id 
    from
        user_roles u1_0 
    where
        u1_0.user_id=? 
        and u1_0.role_name=? 
    fetch
        first ? rows only
2026-03-06T13:57:59.517+03:00 DEBUG 18812 --- [           main] org.hibernate.SQL                        : 
    insert 
    into
        user_roles
        (assigned_at,assigned_by,description,permissions,role_name,user_id) 
    values
        (?,?,?,?,?,?)
2026-03-06T13:57:59.521+03:00 DEBUG 18812 --- [           main] org.hibernate.SQL                        : 
    select
        u1_0.id 
    from
        user_roles u1_0 
    where
        u1_0.user_id=? 
        and u1_0.role_name=? 
    fetch
        first ? rows only
2026-03-06T13:57:59.524+03:00 DEBUG 18812 --- [           main] org.hibernate.SQL                        : 
    insert 
    into
        user_roles
        (assigned_at,assigned_by,description,permissions,role_name,user_id) 
    values
        (?,?,?,?,?,?)
2026-03-06T13:57:59.528+03:00 DEBUG 18812 --- [           main] org.hibernate.SQL                        : 
    select
        u1_0.id,
        u1_0.is_active,
        u1_0.company_name,
        u1_0.created_at,
        u1_0.email,
        u1_0.full_name,
        u1_0.last_login,
        u1_0.password,
        u1_0.phone_number,
        u1_0.role_id,
        u1_0.tax_number,
        u1_0.user_type,
        u1_0.username 
    from
        users u1_0 
    where
        u1_0.username=?
2026-03-06T13:57:59.664+03:00 DEBUG 18812 --- [           main] org.hibernate.SQL                        : 
    insert 
    into
        users
        (is_active,company_name,created_at,email,full_name,last_login,password,phone_number,role_id,tax_number,user_type,username) 
    values
        (?,?,?,?,?,?,?,?,?,?,?,?)
2026-03-06T13:57:59.670+03:00 DEBUG 18812 --- [           main] org.hibernate.SQL                        : 
    select
        u1_0.id 
    from
        user_roles u1_0 
    where
        u1_0.user_id=? 
        and u1_0.role_name=? 
    fetch
        first ? rows only
2026-03-06T13:57:59.674+03:00 DEBUG 18812 --- [           main] org.hibernate.SQL                        : 
    insert 
    into
        user_roles
        (assigned_at,assigned_by,description,permissions,role_name,user_id) 
    values
        (?,?,?,?,?,?)
2026-03-06T13:57:59.678+03:00 DEBUG 18812 --- [           main] org.hibernate.SQL                        : 
    select
        u1_0.id 
    from
        user_roles u1_0 
    where
        u1_0.user_id=? 
        and u1_0.role_name=? 
    fetch
        first ? rows only
2026-03-06T13:57:59.679+03:00 DEBUG 18812 --- [           main] org.hibernate.SQL                        : 
    insert 
    into
        user_roles
        (assigned_at,assigned_by,description,permissions,role_name,user_id) 
    values
        (?,?,?,?,?,?)
2026-03-06T13:57:59.685+03:00 DEBUG 18812 --- [           main] org.hibernate.SQL                        : 
    select
        u1_0.id 
    from
        user_roles u1_0 
    where
        u1_0.user_id=? 
        and u1_0.role_name=? 
    fetch
        first ? rows only
2026-03-06T13:57:59.688+03:00 DEBUG 18812 --- [           main] org.hibernate.SQL                        : 
    insert 
    into
        user_roles
        (assigned_at,assigned_by,description,permissions,role_name,user_id) 
    values
        (?,?,?,?,?,?)
2026-03-06T13:57:59.692+03:00 DEBUG 18812 --- [           main] org.hibernate.SQL                        : 
    select
        u1_0.id 
    from
        user_roles u1_0 
    where
        u1_0.user_id=? 
        and u1_0.role_name=? 
    fetch
        first ? rows only
2026-03-06T13:57:59.694+03:00 DEBUG 18812 --- [           main] org.hibernate.SQL                        : 
    insert 
    into
        user_roles
        (assigned_at,assigned_by,description,permissions,role_name,user_id) 
    values
        (?,?,?,?,?,?)
2026-03-06T13:57:59.700+03:00 DEBUG 18812 --- [           main] org.hibernate.SQL                        : 
    select
        u1_0.id 
    from
        user_roles u1_0 
    where
        u1_0.user_id=? 
        and u1_0.role_name=? 
    fetch
        first ? rows only
2026-03-06T13:57:59.702+03:00 DEBUG 18812 --- [           main] org.hibernate.SQL                        : 
    insert 
    into
        user_roles
        (assigned_at,assigned_by,description,permissions,role_name,user_id) 
    values
        (?,?,?,?,?,?)
2026-03-06T13:57:59.730+03:00 DEBUG 18812 --- [           main] org.hibernate.SQL                        : 
    select
        count(*) 
    from
        courses c1_0
2026-03-06T13:57:59.766+03:00 DEBUG 18812 --- [           main] org.hibernate.SQL                        : 
    insert 
    into
        courses
        (category,created_at,description,difficulty,duration_hours,published,title,updated_at) 
    values
        (?,?,?,?,?,?,?,?)
2026-03-06T13:57:59.798+03:00 DEBUG 18812 --- [           main] org.hibernate.SQL                        : 
    insert 
    into
        course_modules
        (course_id,modules) 
    values
        (?,?)
2026-03-06T13:57:59.798+03:00 DEBUG 18812 --- [           main] org.hibernate.SQL                        : 
    insert 
    into
        course_modules
        (course_id,modules) 
    values
        (?,?)
2026-03-06T13:57:59.799+03:00 DEBUG 18812 --- [           main] org.hibernate.SQL                        : 
    insert 
    into
        course_modules
        (course_id,modules) 
    values
        (?,?)
2026-03-06T13:57:59.799+03:00 DEBUG 18812 --- [           main] org.hibernate.SQL                        : 
    insert 
    into
        course_modules
        (course_id,modules) 
    values
        (?,?)
2026-03-06T13:57:59.812+03:00 DEBUG 18812 --- [           main] org.hibernate.SQL                        : 
    insert 
    into
        courses
        (category,created_at,description,difficulty,duration_hours,published,title,updated_at) 
    values
        (?,?,?,?,?,?,?,?)
2026-03-06T13:57:59.815+03:00 DEBUG 18812 --- [           main] org.hibernate.SQL                        : 
    insert 
    into
        course_modules
        (course_id,modules) 
    values
        (?,?)
2026-03-06T13:57:59.815+03:00 DEBUG 18812 --- [           main] org.hibernate.SQL                        : 
    insert 
    into
        course_modules
        (course_id,modules) 
    values
        (?,?)
2026-03-06T13:57:59.816+03:00 DEBUG 18812 --- [           main] org.hibernate.SQL                        : 
    insert 
    into
        course_modules
        (course_id,modules) 
    values
        (?,?)
2026-03-06T13:57:59.820+03:00 DEBUG 18812 --- [           main] org.hibernate.SQL                        : 
    insert 
    into
        courses
        (category,created_at,description,difficulty,duration_hours,published,title,updated_at) 
    values
        (?,?,?,?,?,?,?,?)
2026-03-06T13:57:59.822+03:00 DEBUG 18812 --- [           main] org.hibernate.SQL                        : 
    insert 
    into
        course_modules
        (course_id,modules) 
    values
        (?,?)
2026-03-06T13:57:59.823+03:00 DEBUG 18812 --- [           main] org.hibernate.SQL                        : 
    insert 
    into
        course_modules
        (course_id,modules) 
    values
        (?,?)
2026-03-06T13:57:59.823+03:00 DEBUG 18812 --- [           main] org.hibernate.SQL                        : 
    insert 
    into
        course_modules
        (course_id,modules) 
    values
        (?,?)
2026-03-06T13:57:59.827+03:00 DEBUG 18812 --- [           main] org.hibernate.SQL                        : 
    select
        count(*) 
    from
        resources r1_0
2026-03-06T13:57:59.832+03:00 DEBUG 18812 --- [           main] org.hibernate.SQL                        : 
    insert 
    into
        resources
        (archived,archived_at,archived_by,audience,category,description,download_count,file_hash,file_name,file_path,file_size,is_latest_version,mime_type,previous_version_id,resource_type,status,title,updated_at,uploaded_at,uploaded_by,version,view_count) 
    values
        (?,?,?,?,?,?,?,?,?,?,?,?,?,?,?,?,?,?,?,?,?,?)
2026-03-06T13:57:59.837+03:00 DEBUG 18812 --- [           main] org.hibernate.SQL                        : 
    insert 
    into
        resources
        (archived,archived_at,archived_by,audience,category,description,download_count,file_hash,file_name,file_path,file_size,is_latest_version,mime_type,previous_version_id,resource_type,status,title,updated_at,uploaded_at,uploaded_by,version,view_count) 
    values
        (?,?,?,?,?,?,?,?,?,?,?,?,?,?,?,?,?,?,?,?,?,?)
2026-03-06T13:57:59.841+03:00 DEBUG 18812 --- [           main] org.hibernate.SQL                        : 
    insert 
    into
        resources
        (archived,archived_at,archived_by,audience,category,description,download_count,file_hash,file_name,file_path,file_size,is_latest_version,mime_type,previous_version_id,resource_type,status,title,updated_at,uploaded_at,uploaded_by,version,view_count) 
    values
        (?,?,?,?,?,?,?,?,?,?,?,?,?,?,?,?,?,?,?,?,?,?)
]]></system-out>
  </testcase>
</testsuite>